0 info it worked if it ends with ok
1 verbose cli [ '/usr/bin/nodejs', '/usr/bin/npm', 'version', '1.0.1' ]
2 info using npm@3.10.9
3 info using node@v6.9.2
4 info git [ 'status', '--porcelain' ]
5 verbose stack Error: Git working directory not clean.
5 verbose stack D .jsbeautifyrc
5 verbose stack D data/config.sample.json
5 verbose stack D fonts/font.fnt
5 verbose stack D fonts/font.png
5 verbose stack D img/404.gif
5 verbose stack D jsconfig.json
5 verbose stack M package.json
5 verbose stack M src/app.js
5 verbose stack D src/commands/wat.js
5 verbose stack M src/utils/getquote.js
5 verbose stack M src/utils/initbot.js
5 verbose stack     at /usr/lib/node_modules/npm/lib/version.js:247:19
5 verbose stack     at /usr/lib/node_modules/npm/lib/utils/no-progress-while-running.js:21:8
5 verbose stack     at ChildProcess.exithandler (child_process.js:197:7)
5 verbose stack     at emitTwo (events.js:106:13)
5 verbose stack     at ChildProcess.emit (events.js:191:7)
5 verbose stack     at maybeClose (internal/child_process.js:877:16)
5 verbose stack     at Socket.<anonymous> (internal/child_process.js:334:11)
5 verbose stack     at emitOne (events.js:96:13)
5 verbose stack     at Socket.emit (events.js:188:7)
5 verbose stack     at Pipe._handle.close [as _onclose] (net.js:498:12)
6 verbose cwd /home/jaguilar/workspace/telegram-trecebot
7 error Linux 4.4.0-57-generic
8 error argv "/usr/bin/nodejs" "/usr/bin/npm" "version" "1.0.1"
9 error node v6.9.2
10 error npm  v3.10.9
11 error Git working directory not clean.
11 error D .jsbeautifyrc
11 error D data/config.sample.json
11 error D fonts/font.fnt
11 error D fonts/font.png
11 error D img/404.gif
11 error D jsconfig.json
11 error M package.json
11 error M src/app.js
11 error D src/commands/wat.js
11 error M src/utils/getquote.js
11 error M src/utils/initbot.js
12 error If you need help, you may report this error at:
12 error     <https://github.com/npm/npm/issues>
13 verbose exit [ 1, true ]
